<?xml version="1.0" encoding="UTF-8"?>
<testng-results skipped="0" failed="0" ignored="0" total="1" passed="1">
  <reporter-output>
  </reporter-output>
  <suite name="Default suite" duration-ms="4343" started-at="2020-06-28T20:01:38Z" finished-at="2020-06-28T20:01:43Z">
    <groups>
      <group name="cucumber">
        <method signature="AbstractTestNGCucumberTests.runScenario(io.cucumber.testng.PickleWrapper, io.cucumber.testng.FeatureWrapper)[pri:0, instance:cucumberOptions.TestRunner@59494225]" name="runScenario" class="io.cucumber.testng.AbstractTestNGCucumberTests"/>
      </group> <!-- cucumber -->
    </groups>
    <test name="Default test" duration-ms="4343" started-at="2020-06-28T20:01:38Z" finished-at="2020-06-28T20:01:43Z">
      <class name="cucumberOptions.TestRunner">
        <test-method status="PASS" signature="setUpClass()[pri:0, instance:cucumberOptions.TestRunner@59494225]" name="setUpClass" is-config="true" duration-ms="337" started-at="2020-06-28T20:01:38Z" finished-at="2020-06-28T20:01:39Z">
          <reporter-output>
          </reporter-output>
        </test-method> <!-- setUpClass -->
        <test-method status="PASS" signature="runScenario(io.cucumber.testng.PickleWrapper, io.cucumber.testng.FeatureWrapper)[pri:0, instance:cucumberOptions.TestRunner@59494225]" name="runScenario" duration-ms="3954" started-at="2020-06-28T20:01:39Z" description="Runs Cucumber Scenarios" data-provider="scenarios" finished-at="2020-06-28T20:01:43Z">
          <params>
            <param index="0">
              <value>
                <![CDATA["Verify if delete place functionality is working"]]>
              </value>
            </param>
            <param index="1">
              <value>
                <![CDATA["Optional[validating Place Api's]"]]>
              </value>
            </param>
          </params>
          <reporter-output>
          </reporter-output>
        </test-method> <!-- runScenario -->
        <test-method status="PASS" signature="tearDownClass()[pri:0, instance:cucumberOptions.TestRunner@59494225]" name="tearDownClass" is-config="true" duration-ms="9" started-at="2020-06-28T20:01:43Z" finished-at="2020-06-28T20:01:43Z">
          <reporter-output>
          </reporter-output>
        </test-method> <!-- tearDownClass -->
      </class> <!-- cucumberOptions.TestRunner -->
    </test> <!-- Default test -->
  </suite> <!-- Default suite -->
</testng-results>
